<?xml version="1.0" encoding="UTF-8"?>
<!-- Generated by org.testng.reporters.JUnitReportReporter -->
<testsuite hostname="DESKTOP-Q29R89R" failures="0" tests="1" name="demoblaze.test.TestCases" time="20.190" errors="0" timestamp="2022-02-05T11:54:12 IST" skipped="0">
  <testcase classname="demoblaze.test.TestCases" name="DemoBlazeWorkflow" time="20.190"/>
  <system-out/>
</testsuite> <!-- demoblaze.test.TestCases -->
