<?xml version="1.0" encoding="UTF-8"?>
<!-- Generated by org.testng.reporters.JUnitReportReporter -->
<testsuite hostname="DESKTOP-Q29R89R" failures="0" tests="1" name="demoblaze.test.BaseMethods" time="6.093" errors="0" timestamp="2022-02-05T00:34:17 IST" skipped="0">
  <testcase classname="demoblaze.test.BaseMethods" name="navigateToUrl" time="6.093"/>
  <system-out/>
</testsuite> <!-- demoblaze.test.BaseMethods -->
